<?xml version="1.0" encoding="UTF-8"?>
<testng-results skipped="0" failed="0" ignored="0" total="1" passed="1">
  <reporter-output>
  </reporter-output>
  <suite name="Default suite" duration-ms="48271" started-at="2019-05-22T09:32:19Z" finished-at="2019-05-22T09:33:07Z">
    <groups>
    </groups>
    <test name="Default test" duration-ms="48271" started-at="2019-05-22T09:32:19Z" finished-at="2019-05-22T09:33:07Z">
      <class name="com.test.utility.FormTest">
        <test-method status="PASS" signature="setUp()[pri:0, instance:com.test.utility.FormTest@a38d7a3]" name="setUp" is-config="true" duration-ms="9995" started-at="2019-05-22T09:32:19Z" finished-at="2019-05-22T09:32:29Z">
          <reporter-output>
          </reporter-output>
        </test-method> <!-- setUp -->
        <test-method status="PASS" signature="FormPageTest()[pri:0, instance:com.test.utility.FormTest@a38d7a3]" name="FormPageTest" duration-ms="36683" started-at="2019-05-22T09:32:29Z" finished-at="2019-05-22T09:33:06Z">
          <reporter-output>
          </reporter-output>
        </test-method> <!-- FormPageTest -->
        <test-method status="PASS" signature="tearDown()[pri:0, instance:com.test.utility.FormTest@a38d7a3]" name="tearDown" is-config="true" duration-ms="1561" started-at="2019-05-22T09:33:06Z" finished-at="2019-05-22T09:33:07Z">
          <reporter-output>
          </reporter-output>
        </test-method> <!-- tearDown -->
      </class> <!-- com.test.utility.FormTest -->
    </test> <!-- Default test -->
  </suite> <!-- Default suite -->
</testng-results>
